#
# A fatal error has been detected by the Java Runtime Environment:
#
#  EXCEPTION_ACCESS_VIOLATION (0xc0000005) at pc=0x6dab78ae, pid=14432, tid=0x0000210c
#
# JRE version: Java(TM) SE Runtime Environment (8.0_191-b12) (build 1.8.0_191-b12)
# Java VM: Java HotSpot(TM) Client VM (25.191-b12 mixed mode windows-x86 )
# Problematic frame:
# V  [jvm.dll+0xe78ae]
#
# Failed to write core dump. Minidumps are not enabled by default on client versions of Windows
#
# If you would like to submit a bug report, please visit:
#   http://bugreport.java.com/bugreport/crash.jsp
#

---------------  T H R E A D  ---------------

Current thread (0x26a83000):  JavaThread "EventThread COM3" [_thread_in_vm, id=8460, stack(0x01350000,0x013a0000)]

siginfo: ExceptionCode=0xc0000005, reading address 0x00000000

Registers:
EAX=0x00000000, EBX=0x26a83140, ECX=0x26a83000, EDX=0x0000009f
ESP=0x0139f6ac, EBP=0x0139f6c8, ESI=0x00000000, EDI=0x26a83000
EIP=0x6dab78ae, EFLAGS=0x00010246

Top of Stack: (sp=0x0139f6ac)
0x0139f6ac:   299bd024 00000000 26a83140 26a83000
0x0139f6bc:   2800c3ac 0000009f 6dcb5568 00000b4c
0x0139f6cc:   64001f0c 26a83140 00000000 00000000
0x0139f6dc:   00000002 0139f73c 00000000 0139f6e0
0x0139f6ec:   291d253b 0139f718 013db598 00000000
0x0139f6fc:   291d2568 00000000 00000b4c 0139f73c
0x0139f70c:   299bd020 00000020 09d26b20 1fae8c38
0x0139f71c:   0139f71c 2b04f08e 0139f74c 00000000 

Instructions: (pc=0x6dab78ae)
0x6dab788e:   c4 08 83 7f 04 00 89 7d f0 c7 45 f4 00 00 00 00
0x6dab789e:   74 08 8d 4d f0 e8 b8 31 0c 00 8b 75 10 8b 45 0c
0x6dab78ae:   8b 10 85 f6 78 32 8b 45 14 85 c0 78 2b 8d 0c 06
0x6dab78be:   3b 4a 08 77 23 85 c0 7e 3b 8b 4a 04 8b 49 04 83 


Register to memory mapping:

EAX=0x00000000 is an unknown value
EBX=0x26a83140 is an unknown value
ECX=0x26a83000 is a thread
EDX=0x0000009f is an unknown value
ESP=0x0139f6ac is pointing into the stack for thread: 0x26a83000
EBP=0x0139f6c8 is pointing into the stack for thread: 0x26a83000
ESI=0x00000000 is an unknown value
EDI=0x26a83000 is a thread


Stack: [0x01350000,0x013a0000],  sp=0x0139f6ac,  free space=317k
Native frames: (J=compiled Java code, j=interpreted, Vv=VM code, C=native code)
V  [jvm.dll+0xe78ae]
C  [jSSC-2.8_x86.dll+0x1f0c]

Java frames: (J=compiled Java code, j=interpreted, Vv=VM code)
J 2475  jssc.SerialNativeInterface.waitEvents(J)[[I (0 bytes) @ 0x03375e1d [0x03375dd0+0x4d]
J 3356 C1 jssc.SerialPort$EventThread.run()V (84 bytes) @ 0x03049edc [0x03049e80+0x5c]
v  ~StubRoutines::call_stub

---------------  P R O C E S S  ---------------

Java Threads: ( => current thread )
=>0x26a83000 JavaThread "EventThread COM3" [_thread_in_vm, id=8460, stack(0x01350000,0x013a0000)]
  0x282ff400 JavaThread "DestroyJavaVM" [_thread_blocked, id=10652, stack(0x02e30000,0x02e80000)]
  0x282fe400 JavaThread "TimerQueue" daemon [_thread_blocked, id=9588, stack(0x2af60000,0x2afb0000)]
  0x282fdc00 JavaThread "AWT-EventQueue-0" [_thread_blocked, id=12312, stack(0x2aa90000,0x2aae0000)]
  0x28300000 JavaThread "AWT-Shutdown" [_thread_blocked, id=1704, stack(0x2aa00000,0x2aa50000)]
  0x28301400 JavaThread "Batik CleanerThread" daemon [_thread_blocked, id=12976, stack(0x29710000,0x29760000)]
  0x28227400 JavaThread "JmDNS(fab-03-santacecilia-br.local.).State.Timer" [_thread_blocked, id=15132, stack(0x28fc0000,0x29010000)]
  0x28211400 JavaThread "JmDNS(fab-03-santacecilia-br.local.).Timer" daemon [_thread_blocked, id=10560, stack(0x28f00000,0x28f50000)]
  0x28210c00 JavaThread "SocketListener(fab-03-santacecilia-br.local.)" daemon [_thread_blocked, id=9260, stack(0x28e70000,0x28ec0000)]
  0x28120c00 JavaThread "Multihomed mDNS.Timer" daemon [_thread_blocked, id=6364, stack(0x271a0000,0x271f0000)]
  0x280f8400 JavaThread "cc.arduino.packages.discoverers.serial.SerialDiscovery" [_thread_blocked, id=13160, stack(0x28ae0000,0x28b30000)]
  0x26d0ac00 JavaThread "AWT-Windows" daemon [_thread_blocked, id=7124, stack(0x27230000,0x27280000)]
  0x26d0e800 JavaThread "Java2D Disposer" daemon [_thread_blocked, id=1464, stack(0x27110000,0x27160000)]
  0x264c2800 JavaThread "Service Thread" daemon [_thread_blocked, id=3324, stack(0x26990000,0x269e0000)]
  0x264cc800 JavaThread "C1 CompilerThread0" daemon [_thread_blocked, id=14108, stack(0x26900000,0x26950000)]
  0x264cac00 JavaThread "Attach Listener" daemon [_thread_blocked, id=10024, stack(0x26870000,0x268c0000)]
  0x264c8c00 JavaThread "Signal Dispatcher" daemon [_thread_blocked, id=268, stack(0x267e0000,0x26830000)]
  0x264ab400 JavaThread "Finalizer" daemon [_thread_blocked, id=2244, stack(0x258d0000,0x25920000)]
  0x264a5400 JavaThread "Reference Handler" daemon [_thread_blocked, id=10760, stack(0x25840000,0x25890000)]

Other Threads:
  0x26490400 VMThread [stack: 0x257b0000,0x25800000] [id=7872]
  0x264c6c00 WatcherThread [stack: 0x26a20000,0x26a70000] [id=7636]

VM state:synchronizing (normal execution)

VM Mutex/Monitor currently owned by a thread:  ([mutex/lock_event])
[0x02e2d7c8] Threads_lock - owner thread: 0x26490400
[0x02e2d5c0] Heap_lock - owner thread: 0x28227400

Heap:
 def new generation   total 157248K, used 157247K [0x05200000, 0x0fca0000, 0x0fca0000)
  eden space 139776K,  99% used [0x05200000, 0x0da7fff8, 0x0da80000)
  from space 17472K,  99% used [0x0da80000, 0x0eb8fff8, 0x0eb90000)
  to   space 17472K,   0% used [0x0eb90000, 0x0eb90000, 0x0fca0000)
 tenured generation   total 349568K, used 349568K [0x0fca0000, 0x25200000, 0x25200000)
   the space 349568K, 100% used [0x0fca0000, 0x25200000, 0x25200000, 0x25200000)
 Metaspace       used 20969K, capacity 21450K, committed 21632K, reserved 21888K

Card table byte_map: [0x25200000,0x25310000] byte_map_base: 0x251d7000

Polling page: 0x01230000

CodeCache: size=32768Kb used=3008Kb max_used=5304Kb free=29759Kb
 bounds [0x02f70000, 0x034a8000, 0x04f70000]
 total_blobs=1727 nmethods=1446 adapters=208
 compilation: enabled

Compilation events (10 events):
Event: 2577.943 Thread 0x264cc800 14820             java.util.regex.Pattern$LastNode::match (45 bytes)
Event: 2577.943 Thread 0x264cc800 nmethod 14820 0x0336e9c8 code [0x0336eac0, 0x0336eba0]
Event: 2577.943 Thread 0x264cc800 14821             java.util.Formatter::ensureOpen (16 bytes)
Event: 2577.943 Thread 0x264cc800 nmethod 14821 0x0336e748 code [0x0336e850, 0x0336e92c]
Event: 2577.949 Thread 0x264cc800 14822             cc.arduino.contributions.libraries.LibrariesIndexer$$Lambda$43/30949503::test (8 bytes)
Event: 2577.949 Thread 0x264cc800 nmethod 14822 0x0336e488 code [0x0336e590, 0x0336e65c]
Event: 2577.949 Thread 0x264cc800 14823             java.lang.invoke.LambdaForm$MH/17311558::linkToTargetMethod (8 bytes)
Event: 2577.949 Thread 0x264cc800 nmethod 14823 0x0336e208 code [0x0336e310, 0x0336e3c8]
Event: 2577.949 Thread 0x264cc800 14824             java.lang.invoke.LambdaForm$MH/21470783::identity_L (8 bytes)
Event: 2577.949 Thread 0x264cc800 nmethod 14824 0x0336dfc8 code [0x0336e0c0, 0x0336e160]

GC Heap History (10 events):
Event: 2599.791 GC heap before
{Heap before GC invocations=80 (full 36):
 def new generation   total 157248K, used 157247K [0x05200000, 0x0fca0000, 0x0fca0000)
  eden space 139776K,  99% used [0x05200000, 0x0da7fff8, 0x0da80000)
  from space 17472K,  99% used [0x0da80000, 0x0eb8fff8, 0x0eb90000)
  to   space 17472K,   0% used [0x0eb90000, 0x0eb90000, 0x0fca0000)
 tenured generation   total 349568K, used 349568K [0x0fca0000, 0x25200000, 0x25200000)
   the space 349568K, 100% used [0x0fca0000, 0x25200000, 0x25200000, 0x25200000)
 Metaspace       used 20969K, capacity 21450K, committed 21632K, reserved 21888K
Event: 2600.541 GC heap after
Heap after GC invocations=81 (full 37):
 def new generation   total 157248K, used 157247K [0x05200000, 0x0fca0000, 0x0fca0000)
  eden space 139776K,  99% used [0x05200000, 0x0da7fff8, 0x0da80000)
  from space 17472K,  99% used [0x0da80000, 0x0eb8fff8, 0x0eb90000)
  to   space 17472K,   0% used [0x0eb90000, 0x0eb90000, 0x0fca0000)
 tenured generation   total 349568K, used 349568K [0x0fca0000, 0x25200000, 0x25200000)
   the space 349568K, 100% used [0x0fca0000, 0x25200000, 0x25200000, 0x25200000)
 Metaspace       used 20969K, capacity 21450K, committed 21632K, reserved 21888K
}
Event: 2600.541 GC heap before
{Heap before GC invocations=81 (full 37):
 def new generation   total 157248K, used 157247K [0x05200000, 0x0fca0000, 0x0fca0000)
  eden space 139776K,  99% used [0x05200000, 0x0da7fff8, 0x0da80000)
  from space 17472K,  99% used [0x0da80000, 0x0eb8fff8, 0x0eb90000)
  to   space 17472K,   0% used [0x0eb90000, 0x0eb90000, 0x0fca0000)
 tenured generation   total 349568K, used 349568K [0x0fca0000, 0x25200000, 0x25200000)
   the space 349568K, 100% used [0x0fca0000, 0x25200000, 0x25200000, 0x25200000)
 Metaspace       used 20969K, capacity 21450K, committed 21632K, reserved 21888K
Event: 2601.273 GC heap after
Heap after GC invocations=82 (full 38):
 def new generation   total 157248K, used 157247K [0x05200000, 0x0fca0000, 0x0fca0000)
  eden space 139776K,  99% used [0x05200000, 0x0da7fff8, 0x0da80000)
  from space 17472K,  99% used [0x0da80000, 0x0eb8fff8, 0x0eb90000)
  to   space 17472K,   0% used [0x0eb90000, 0x0eb90000, 0x0fca0000)
 tenured generation   total 349568K, used 349568K [0x0fca0000, 0x25200000, 0x25200000)
   the space 349568K, 100% used [0x0fca0000, 0x25200000, 0x25200000, 0x25200000)
 Metaspace       used 20969K, capacity 21450K, committed 21632K, reserved 21888K
}
Event: 2601.273 GC heap before
{Heap before GC invocations=82 (full 38):
 def new generation   total 157248K, used 157247K [0x05200000, 0x0fca0000, 0x0fca0000)
  eden space 139776K,  99% used [0x05200000, 0x0da7fff8, 0x0da80000)
  from space 17472K,  99% used [0x0da80000, 0x0eb8fff8, 0x0eb90000)
  to   space 17472K,   0% used [0x0eb90000, 0x0eb90000, 0x0fca0000)
 tenured generation   total 349568K, used 349568K [0x0fca0000, 0x25200000, 0x25200000)
   the space 349568K, 100% used [0x0fca0000, 0x25200000, 0x25200000, 0x25200000)
 Metaspace       used 20969K, capacity 21450K, committed 21632K, reserved 21888K
Event: 2602.012 GC heap after
Heap after GC invocations=83 (full 39):
 def new generation   total 157248K, used 157247K [0x05200000, 0x0fca0000, 0x0fca0000)
  eden space 139776K,  99% used [0x05200000, 0x0da7fff8, 0x0da80000)
  from space 17472K,  99% used [0x0da80000, 0x0eb8fff8, 0x0eb90000)
  to   space 17472K,   0% used [0x0eb90000, 0x0eb90000, 0x0fca0000)
 tenured generation   total 349568K, used 349568K [0x0fca0000, 0x25200000, 0x25200000)
   the space 349568K, 100% used [0x0fca0000, 0x25200000, 0x25200000, 0x25200000)
 Metaspace       used 20969K, capacity 21450K, committed 21632K, reserved 21888K
}
Event: 2602.013 GC heap before
{Heap before GC invocations=83 (full 39):
 def new generation   total 157248K, used 157247K [0x05200000, 0x0fca0000, 0x0fca0000)
  eden space 139776K,  99% used [0x05200000, 0x0da7fff8, 0x0da80000)
  from space 17472K,  99% used [0x0da80000, 0x0eb8fff8, 0x0eb90000)
  to   space 17472K,   0% used [0x0eb90000, 0x0eb90000, 0x0fca0000)
 tenured generation   total 349568K, used 349568K [0x0fca0000, 0x25200000, 0x25200000)
   the space 349568K, 100% used [0x0fca0000, 0x25200000, 0x25200000, 0x25200000)
 Metaspace       used 20969K, capacity 21450K, committed 21632K, reserved 21888K
Event: 2602.751 GC heap after
Heap after GC invocations=84 (full 40):
 def new generation   total 157248K, used 157247K [0x05200000, 0x0fca0000, 0x0fca0000)
  eden space 139776K,  99% used [0x05200000, 0x0da7fff8, 0x0da80000)
  from space 17472K,  99% used [0x0da80000, 0x0eb8fff8, 0x0eb90000)
  to   space 17472K,   0% used [0x0eb90000, 0x0eb90000, 0x0fca0000)
 tenured generation   total 349568K, used 349568K [0x0fca0000, 0x25200000, 0x25200000)
   the space 349568K, 100% used [0x0fca0000, 0x25200000, 0x25200000, 0x25200000)
 Metaspace       used 20969K, capacity 21450K, committed 21632K, reserved 21888K
}
Event: 2602.751 GC heap before
{Heap before GC invocations=84 (full 40):
 def new generation   total 157248K, used 157247K [0x05200000, 0x0fca0000, 0x0fca0000)
  eden space 139776K,  99% used [0x05200000, 0x0da7fff8, 0x0da80000)
  from space 17472K,  99% used [0x0da80000, 0x0eb8fff8, 0x0eb90000)
  to   space 17472K,   0% used [0x0eb90000, 0x0eb90000, 0x0fca0000)
 tenured generation   total 349568K, used 349568K [0x0fca0000, 0x25200000, 0x25200000)
   the space 349568K, 100% used [0x0fca0000, 0x25200000, 0x25200000, 0x25200000)
 Metaspace       used 20969K, capacity 21450K, committed 21632K, reserved 21888K
Event: 2603.497 GC heap after
Heap after GC invocations=85 (full 41):
 def new generation   total 157248K, used 157247K [0x05200000, 0x0fca0000, 0x0fca0000)
  eden space 139776K,  99% used [0x05200000, 0x0da7fff8, 0x0da80000)
  from space 17472K,  99% used [0x0da80000, 0x0eb8fff8, 0x0eb90000)
  to   space 17472K,   0% used [0x0eb90000, 0x0eb90000, 0x0fca0000)
 tenured generation   total 349568K, used 349568K [0x0fca0000, 0x25200000, 0x25200000)
   the space 349568K, 100% used [0x0fca0000, 0x25200000, 0x25200000, 0x25200000)
 Metaspace       used 20969K, capacity 21450K, committed 21632K, reserved 21888K
}

Deoptimization events (0 events):
No events

Classes redefined (0 events):
No events

Internal exceptions (10 events):
Event: 2591.451 Thread 0x280f8400 Exception <a 'java/io/IOException'> (0x0eb8e868) thrown at [C:\workspace\8-2-build-windows-i586-cygwin\jdk8u191\11896\hotspot\src\share\vm\prims\jni.cpp, line 709]
Event: 2591.451 Thread 0x280f8400 Exception <a 'java/io/IOException'> (0x0eb8ed48) thrown at [C:\workspace\8-2-build-windows-i586-cygwin\jdk8u191\11896\hotspot\src\share\vm\prims\jni.cpp, line 709]
Event: 2591.451 Thread 0x280f8400 Exception <a 'java/io/IOException'> (0x0eb8f030) thrown at [C:\workspace\8-2-build-windows-i586-cygwin\jdk8u191\11896\hotspot\src\share\vm\prims\jni.cpp, line 709]
Event: 2591.451 Thread 0x280f8400 Exception <a 'java/io/IOException'> (0x0eb8f960) thrown at [C:\workspace\8-2-build-windows-i586-cygwin\jdk8u191\11896\hotspot\src\share\vm\prims\jni.cpp, line 709]
Event: 2592.186 Thread 0x280f8400 Exception <a 'java/io/IOException'> (0x0eb8d8e0) thrown at [C:\workspace\8-2-build-windows-i586-cygwin\jdk8u191\11896\hotspot\src\share\vm\prims\jni.cpp, line 709]
Event: 2592.186 Thread 0x280f8400 Exception <a 'java/io/IOException'> (0x0eb8f7a8) thrown at [C:\workspace\8-2-build-windows-i586-cygwin\jdk8u191\11896\hotspot\src\share\vm\prims\jni.cpp, line 709]
Event: 2595.384 Thread 0x28227400 Exception <a 'java/lang/OutOfMemoryError'> (0x0fd48530) thrown at [C:\workspace\8-2-build-windows-i586-cygwin\jdk8u191\11896\hotspot\src\share\vm\gc_interface/collectedHeap.inline.hpp, line 159]
Event: 2600.541 Thread 0x26a83000 Exception <a 'java/lang/OutOfMemoryError'> (0x0fd48510) thrown at [C:\workspace\8-2-build-windows-i586-cygwin\jdk8u191\11896\hotspot\src\share\vm\gc_interface/collectedHeap.inline.hpp, line 159]
Event: 2602.013 Thread 0x280f8400 Exception <a 'java/lang/OutOfMemoryError'> (0x0fcf9a38) thrown at [C:\workspace\8-2-build-windows-i586-cygwin\jdk8u191\11896\hotspot\src\share\vm\gc_interface/collectedHeap.inline.hpp, line 159]
Event: 2603.497 Thread 0x28211400 Exception <a 'java/lang/OutOfMemoryError'> (0x0fcf9a38) thrown at [C:\workspace\8-2-build-windows-i586-cygwin\jdk8u191\11896\hotspot\src\share\vm\gc_interface/collectedHeap.inline.hpp, line 159]

Events (10 events):
Event: 2598.330 Executing VM operation: GenCollectForAllocation
Event: 2599.063 Executing VM operation: GenCollectForAllocation done
Event: 2599.063 Executing VM operation: GenCollectForAllocation
Event: 2600.541 Executing VM operation: GenCollectForAllocation done
Event: 2600.541 Executing VM operation: GenCollectForAllocation
Event: 2602.013 Executing VM operation: GenCollectForAllocation done
Event: 2602.013 Executing VM operation: GenCollectForAllocation
Event: 2602.013 loading class java/nio/charset/IllegalCharsetNameException
Event: 2603.497 Executing VM operation: GenCollectForAllocation done
Event: 2603.497 Executing VM operation: GenCollectForAllocation


Dynamic libraries:
0x006a0000 - 0x006d3000 	C:\Program Files (x86)\Arduino\java\bin\javaw.exe
0x770b0000 - 0x7724a000 	C:\Windows\SYSTEM32\ntdll.dll
0x750f0000 - 0x751d0000 	C:\Windows\System32\KERNEL32.DLL
0x74900000 - 0x74afd000 	C:\Windows\System32\KERNELBASE.dll
0x76130000 - 0x761a9000 	C:\Windows\System32\ADVAPI32.dll
0x76210000 - 0x762cf000 	C:\Windows\System32\msvcrt.dll
0x75f10000 - 0x75f86000 	C:\Windows\System32\sechost.dll
0x74ed0000 - 0x74f8b000 	C:\Windows\System32\RPCRT4.dll
0x74880000 - 0x748a0000 	C:\Windows\System32\SspiCli.dll
0x74870000 - 0x7487a000 	C:\Windows\System32\CRYPTBASE.dll
0x76980000 - 0x769df000 	C:\Windows\System32\bcryptPrimitives.dll
0x75f90000 - 0x76127000 	C:\Windows\System32\USER32.dll
0x751e0000 - 0x751f7000 	C:\Windows\System32\win32u.dll
0x74f90000 - 0x74fb1000 	C:\Windows\System32\GDI32.dll
0x754b0000 - 0x7560a000 	C:\Windows\System32\gdi32full.dll
0x74dd0000 - 0x74e4c000 	C:\Windows\System32\msvcp_win.dll
0x75680000 - 0x7579f000 	C:\Windows\System32\ucrtbase.dll
0x6ff60000 - 0x7016f000 	C:\Windows\WinSxS\x86_microsoft.windows.common-controls_6595b64144ccf1df_6.0.18362.657_none_2e72ec50278a619e\COMCTL32.dll
0x75200000 - 0x75475000 	C:\Windows\System32\combase.dll
0x762d0000 - 0x762f5000 	C:\Windows\System32\IMM32.DLL
0x6eba0000 - 0x6ec5f000 	C:\Program Files (x86)\Arduino\java\bin\msvcr100.dll
0x6d9d0000 - 0x6dda3000 	C:\Program Files (x86)\Arduino\java\bin\client\jvm.dll
0x74dc0000 - 0x74dc6000 	C:\Windows\System32\PSAPI.DLL
0x744a0000 - 0x744a8000 	C:\Windows\SYSTEM32\VERSION.dll
0x742e0000 - 0x74304000 	C:\Windows\SYSTEM32\WINMM.dll
0x74470000 - 0x74478000 	C:\Windows\SYSTEM32\WSOCK32.dll
0x748a0000 - 0x748fe000 	C:\Windows\System32\WS2_32.dll
0x742b0000 - 0x742d3000 	C:\Windows\SYSTEM32\WINMMBASE.dll
0x74c70000 - 0x74cab000 	C:\Windows\System32\cfgmgr32.dll
0x6f380000 - 0x6f3b0000 	C:\Program Files (x86)\Arduino\java\bin\splashscreen.dll
0x726d0000 - 0x7274a000 	C:\Windows\system32\uxtheme.dll
0x6f370000 - 0x6f37c000 	C:\Program Files (x86)\Arduino\java\bin\verify.dll
0x6f340000 - 0x6f362000 	C:\Program Files (x86)\Arduino\java\bin\java.dll
0x75d00000 - 0x75e03000 	C:\Windows\System32\MSCTF.dll
0x76a30000 - 0x76ac2000 	C:\Windows\System32\OLEAUT32.dll
0x6f320000 - 0x6f334000 	C:\Program Files (x86)\Arduino\java\bin\zip.dll
0x758a0000 - 0x758af000 	C:\Windows\System32\kernel.appcore.dll
0x70810000 - 0x70894000 	C:\Windows\System32\TextInputFramework.dll
0x6e940000 - 0x6eb9e000 	C:\Windows\System32\CoreUIComponents.dll
0x76880000 - 0x76904000 	C:\Windows\System32\SHCORE.dll
0x6f670000 - 0x6f6f9000 	C:\Windows\System32\CoreMessaging.dll
0x70b40000 - 0x70b69000 	C:\Windows\SYSTEM32\ntmarta.dll
0x6f590000 - 0x6f66a000 	C:\Windows\SYSTEM32\wintypes.dll
0x710a0000 - 0x712c9000 	C:\Windows\System32\iertutil.dll
0x76300000 - 0x7687a000 	C:\Windows\System32\SHELL32.dll
0x76ad0000 - 0x77095000 	C:\Windows\System32\windows.storage.dll
0x75660000 - 0x75677000 	C:\Windows\System32\profapi.dll
0x769e0000 - 0x76a23000 	C:\Windows\System32\powrprof.dll
0x751d0000 - 0x751dd000 	C:\Windows\System32\UMPDC.dll
0x75070000 - 0x750b4000 	C:\Windows\System32\shlwapi.dll
0x75490000 - 0x754a3000 	C:\Windows\System32\cryptsp.dll
0x61940000 - 0x619b3000 	C:\Program Files (x86)\Arduino\lib\listSerialsj.dll
0x758b0000 - 0x75cf9000 	C:\Windows\System32\SETUPAPI.dll
0x74cb0000 - 0x74cc9000 	C:\Windows\System32\bcrypt.dll
0x6f300000 - 0x6f31d000 	C:\Program Files (x86)\Arduino\lib\jnidispatch-4.2.2-win32-x86.dll
0x757a0000 - 0x75897000 	C:\Windows\System32\Ole32.dll
0x6d9b0000 - 0x6d9c5000 	C:\Program Files (x86)\Arduino\java\bin\net.dll
0x72600000 - 0x72652000 	C:\Windows\system32\mswsock.dll
0x6d9a0000 - 0x6d9af000 	C:\Program Files (x86)\Arduino\java\bin\nio.dll
0x6d850000 - 0x6d997000 	C:\Program Files (x86)\Arduino\java\bin\awt.dll
0x709d0000 - 0x70a6f000 	C:\Windows\SYSTEM32\apphelp.dll
0x724f0000 - 0x72515000 	C:\Windows\system32\DWMAPI.DLL
0x6d810000 - 0x6d849000 	C:\Program Files (x86)\Arduino\java\bin\fontmanager.dll
0x6d710000 - 0x6d80f000 	C:\Windows\system32\opengl32.dll
0x6d6d0000 - 0x6d70f000 	C:\Windows\SYSTEM32\GLU32.dll
0x6fae0000 - 0x6faf9000 	C:\Windows\SYSTEM32\dxcore.dll
0x6d690000 - 0x6d6c2000 	C:\Program Files (x86)\Arduino\java\bin\t2k.dll
0x6e410000 - 0x6e433000 	C:\Windows\SYSTEM32\DEVOBJ.dll
0x75610000 - 0x75656000 	C:\Windows\System32\WINTRUST.dll
0x76970000 - 0x7697e000 	C:\Windows\System32\MSASN1.dll
0x75e10000 - 0x75f0b000 	C:\Windows\System32\CRYPT32.dll
0x74830000 - 0x74862000 	C:\Windows\SYSTEM32\IPHLPAPI.DLL
0x75480000 - 0x75487000 	C:\Windows\System32\NSI.dll
0x72420000 - 0x72433000 	C:\Windows\SYSTEM32\dhcpcsvc6.DLL
0x73290000 - 0x732a5000 	C:\Windows\SYSTEM32\dhcpcsvc.DLL
0x72af0000 - 0x72b81000 	C:\Windows\SYSTEM32\DNSAPI.dll
0x723e0000 - 0x7240f000 	C:\Windows\system32\rsaenh.dll
0x74480000 - 0x7449e000 	C:\Windows\SYSTEM32\USERENV.dll
0x72680000 - 0x72691000 	C:\Windows\system32\napinsp.dll
0x72660000 - 0x72676000 	C:\Windows\system32\pnrpnsp.dll
0x725f0000 - 0x725fb000 	C:\Windows\System32\winrnr.dll
0x725d0000 - 0x725e6000 	C:\Windows\system32\NLAapi.dll
0x725c0000 - 0x725d0000 	C:\Windows\system32\wshbth.dll
0x72590000 - 0x725b1000 	C:\Program Files (x86)\Bonjour\mdnsNSP.dll
0x72530000 - 0x72581000 	C:\Windows\System32\fwpuclnt.dll
0x72520000 - 0x72528000 	C:\Windows\System32\rasadhlp.dll
0x6d670000 - 0x6d690000 	C:\Program Files (x86)\Arduino\java\bin\sunec.dll
0x6d660000 - 0x6d669000 	C:\Program Files (x86)\Arduino\java\bin\sunmscapi.dll
0x6d5f0000 - 0x6d659000 	C:\Program Files (x86)\Arduino\msvcp100.dll
0x6d530000 - 0x6d5ee000 	C:\Program Files (x86)\Arduino\msvcr100.dll
0x29550000 - 0x29582000 	C:\Program Files (x86)\Arduino\lib\AStylej.dll
0x6d500000 - 0x6d524000 	C:\Program Files (x86)\Arduino\java\bin\dcpr.dll
0x74e50000 - 0x74ed0000 	C:\Windows\System32\clbcatq.dll
0x70170000 - 0x702d9000 	C:\Windows\SYSTEM32\WindowsCodecs.dll
0x6ff20000 - 0x6ff51000 	C:\Windows\system32\dataexchange.dll
0x6fbd0000 - 0x6fdae000 	C:\Windows\system32\d3d11.dll
0x6fdb0000 - 0x6ff19000 	C:\Windows\system32\dcomp.dll
0x6fb00000 - 0x6fbc1000 	C:\Windows\system32\dxgi.dll
0x6f8f0000 - 0x6fad4000 	C:\Windows\system32\twinapi.appcore.dll
0x6f8d0000 - 0x6f8ef000 	C:\Windows\system32\RMCLIENT.dll
0x64000000 - 0x6401b000 	C:\Program Files (x86)\Arduino\lib\jSSC-2.8_x86.dll
0x707f0000 - 0x7080b000 	C:\Windows\SYSTEM32\edputil.dll
0x64c20000 - 0x64daf000 	C:\Windows\SYSTEM32\dbghelp.dll

VM Arguments:
jvm_args: -Dsun.java2d.d3d=false -Djna.nosys=true -Djna.nounpack=true -Djna.boot.library.name=jnidispatch-4.2.2-win32-x86 -Djna.boot.library.path=C:\Program Files (x86)\Arduino/lib -Djssc.library.path=C:\Program Files (x86)\Arduino/lib -DAPP_DIR=C:\Program Files (x86)\Arduino -Xms128M -Xmx512M -Dfile.encoding=UTF8 -Djava.net.preferIPv4Stack=true 
java_command: processing.app.Base D:\Projetos\ControleFilamentoImpressora3D\Firmware\FilamentMeter\FilamentMeter.ino
java_class_path (initial): C:\Program Files (x86)\Arduino\lib\apple.jar;C:\Program Files (x86)\Arduino\lib\arduino-core.jar;C:\Program Files (x86)\Arduino\lib\batik-1.8.jar;C:\Program Files (x86)\Arduino\lib\batik-anim-1.8.jar;C:\Program Files (x86)\Arduino\lib\batik-awt-util-1.8.jar;C:\Program Files (x86)\Arduino\lib\batik-bridge-1.8.jar;C:\Program Files (x86)\Arduino\lib\batik-codec-1.8.jar;C:\Program Files (x86)\Arduino\lib\batik-css-1.8.jar;C:\Program Files (x86)\Arduino\lib\batik-dom-1.8.jar;C:\Program Files (x86)\Arduino\lib\batik-ext-1.8.jar;C:\Program Files (x86)\Arduino\lib\batik-gvt-1.8.jar;C:\Program Files (x86)\Arduino\lib\batik-parser-1.8.jar;C:\Program Files (x86)\Arduino\lib\batik-rasterizer-1.8.jar;C:\Program Files (x86)\Arduino\lib\batik-script-1.8.jar;C:\Program Files (x86)\Arduino\lib\batik-squiggle-1.8.jar;C:\Program Files (x86)\Arduino\lib\batik-svg-dom-1.8.jar;C:\Program Files (x86)\Arduino\lib\batik-svgpp-1.8.jar;C:\Program Files (x86)\Arduino\lib\batik-transcoder-1.8.jar;C:\Program Files (x86)\Arduino\lib\batik-util-1.8.jar;C:\Program Files (x86)\Arduino\lib\batik-xml-1.8.jar;C:\Program Files (x86)\Arduino\lib\bcpg-jdk15on-152.jar;C:\Program Files (x86)\Arduino\lib\bcprov-jdk15on-152.jar;C:\Program Files (x86)\Arduino\lib\commons-codec-1.7.jar;C:\Program Files (x86)\Arduino\lib\commons-compress-1.8.jar;C:\Program Files (x86)\Arduino\lib\commons-exec-1.1.jar;C:\Program Files (x86)\Arduino\lib\commons-httpclient-3.1.jar;C:\Program Files (x86)\Arduino\lib\commons-lang3-3.8.1.jar;C:\Program Files (x86)\Arduino\lib\commons-logging-1.0.4.jar;C:\Program Files (x86)\Arduino\lib\commons-net-3.3.jar;C:\Program Files (x86)\Arduino\lib\commons-io-2.6.jar;C:\Program Files (x86)\Arduino\lib\jackson-annotations-2.9.5.jar;C:\Program Files (x86)\Arduino\lib\jackson-core-2.9.5.jar;C:\Program Files (x86)\Arduino\lib\jackson-databind-2.9.5.jar;C:\Program Files (x86)\Arduino\lib\java-semver-0.8.0.jar;C:\Program Files (x86)\Arduino\lib\jmdns-3.5.5.jar;C:\Program
Launcher Type: SUN_STANDARD

Environment Variables:
PATH=C:\Windows\system32;C:\Windows;C:\Windows\System32\Wbem;C:\Windows\System32\WindowsPowerShell\v1.0\;C:\Windows\System32\OpenSSH\;C:\Program Files\Common Files\Autodesk Shared\;C:\Program Files (x86)\QuickTime\QTSystem\;c:\Program Files (x86)\Microsoft SQL Server\110\Tools\Binn\;c:\Program Files\Microsoft SQL Server\110\Tools\Binn\;c:\Program Files\Microsoft SQL Server\110\DTS\Binn\;C:\Program Files\PuTTY\;C:\Program Files\Git\cmd;C:\Users\unisanta\AppData\Local\Programs\Python\Python37-32\Scripts\;C:\Users\unisanta\AppData\Local\Programs\Python\Python37-32\;C:\Users\unisanta\AppData\Local\Microsoft\WindowsApps;;C:\Users\unisanta\AppData\Local\Programs\Microsoft VS Code\bin;C:\Program Files (x86)\Arduino\java\bin
USERNAME=unisanta
OS=Windows_NT
PROCESSOR_IDENTIFIER=AMD64 Family 23 Model 1 Stepping 1, AuthenticAMD



---------------  S Y S T E M  ---------------

OS: Windows 10.0 , 64 bit Build 18362 (10.0.18362.329)

CPU:total 4 (initial active 4) (4 cores per cpu, 1 threads per core) family 23 model 1 stepping 1, cmov, cx8, fxsr, mmx, sse, sse2, sse3, ssse3, sse4.1, sse4.2, popcnt, avx, avx2, aes, clmul, mmxext, 3dnowpref, lzcnt, sse4a, tsc, tscinvbit, tscinv, bmi1

Memory: 4k page, physical 8279128k(2299060k free), swap 17119980k(2745984k free)

vm_info: Java HotSpot(TM) Client VM (25.191-b12) for windows-x86 JRE (1.8.0_191-b12), built on Oct  6 2018 08:34:23 by "java_re" with MS VC++ 10.0 (VS2010)

time: Wed Jul 19 16:54:40 2023
elapsed time: 2603 seconds (0d 0h 43m 23s)

